<?xml version="1.1" encoding="UTF-8"?>
<?totaltestVersion 20.2.1.v20200331-1253_109?>
<!--Topaz for Total Test 20.2.1.v20200331-1253_109 Apr 17, 2020 3:02:45 AM-->
<testsuites>
  <testsuite errors="0" failures="0" name="RVIIDEMO_TEST_0002.RVIIDEMO_Scenario.00001: RVIIDEMOCase1" tests="3">
    <testcase classname="RVIIDEMO_TEST_0002.RVIIDEMO_Scenario.00001: RVIIDEMOCase1" name="00001: Check for PARM_LTH"/>
    <testcase classname="RVIIDEMO_TEST_0002.RVIIDEMO_Scenario.00001: RVIIDEMOCase1" name="00002: Check for LOOP_FILL"/>
    <testcase classname="RVIIDEMO_TEST_0002.RVIIDEMO_Scenario.00001: RVIIDEMOCase1" name="00003: Check for LOOP_CNT"/>
  </testsuite>
  <testsuite errors="0" failures="0" name="RVIIDEMO_TEST_0002.RVIIDEMO_Scenario.00001: RVIIDEMOCase1.RVIIDEMO_RVII0090_01.00001: RVII0090 assertion" tests="0">
    <testcase classname="RVIIDEMO_TEST_0002.RVIIDEMO_Scenario.00001: RVIIDEMOCase1.RVIIDEMO_RVII0090_01.00001: RVII0090 assertion" name="RVII0090"/>
  </testsuite>
  <testsuite errors="0" failures="0" name="RVIIDEMO_TEST_0002.RVIIDEMO_Scenario.00001: RVIIDEMOCase1.RVIIDEMO_RVII0040_01.00001: RVII0040 assertion" tests="0">
    <testcase classname="RVIIDEMO_TEST_0002.RVIIDEMO_Scenario.00001: RVIIDEMOCase1.RVIIDEMO_RVII0040_01.00001: RVII0040 assertion" name="RVII0040"/>
  </testsuite>
  <testsuite errors="0" failures="0" name="RVIIDEMO_TEST_0002.RVIIDEMO_Scenario.00001: RVIIDEMOCase1.RVIIDEMO_RVII0040_01.00002: RVII0040 assertion" tests="0">
    <testcase classname="RVIIDEMO_TEST_0002.RVIIDEMO_Scenario.00001: RVIIDEMOCase1.RVIIDEMO_RVII0040_01.00002: RVII0040 assertion" name="RVII0040"/>
  </testsuite>
  <testsuite errors="0" failures="0" name="RVIIDEMO_TEST_0002.RVIIDEMO_Scenario.00001: RVIIDEMOCase1.RVIIDEMO_RVII0040_01.00003: RVII0040 assertion" tests="0">
    <testcase classname="RVIIDEMO_TEST_0002.RVIIDEMO_Scenario.00001: RVIIDEMOCase1.RVIIDEMO_RVII0040_01.00003: RVII0040 assertion" name="RVII0040"/>
  </testsuite>
  <testsuite errors="0" failures="0" name="RVIIDEMO_TEST_0002.RVIIDEMO_Scenario.00001: RVIIDEMOCase1.RVIIDEMO_RVII0040_01.00004: RVII0040 assertion" tests="0">
    <testcase classname="RVIIDEMO_TEST_0002.RVIIDEMO_Scenario.00001: RVIIDEMOCase1.RVIIDEMO_RVII0040_01.00004: RVII0040 assertion" name="RVII0040"/>
  </testsuite>
  <testsuite errors="0" failures="0" name="RVIIDEMO_TEST_0002.RVIIDEMO_Scenario.00001: RVIIDEMOCase1.RVIIDEMO_RVII0040_01.00005: RVII0040 assertion" tests="0">
    <testcase classname="RVIIDEMO_TEST_0002.RVIIDEMO_Scenario.00001: RVIIDEMOCase1.RVIIDEMO_RVII0040_01.00005: RVII0040 assertion" name="RVII0040"/>
  </testsuite>
  <testsuite errors="0" failures="0" name="RVIIDEMO_TEST_0002.RVIIDEMO_Scenario.00001: RVIIDEMOCase1.RVIIDEMO_RVII0040_01.00006: RVII0040 assertion" tests="0">
    <testcase classname="RVIIDEMO_TEST_0002.RVIIDEMO_Scenario.00001: RVIIDEMOCase1.RVIIDEMO_RVII0040_01.00006: RVII0040 assertion" name="RVII0040"/>
  </testsuite>
  <testsuite errors="0" failures="0" name="RVIIDEMO_TEST_0002.RVIIDEMO_Scenario.00001: RVIIDEMOCase1.RVIIDEMO_RVII0040_01.00007: RVII0040 assertion" tests="0">
    <testcase classname="RVIIDEMO_TEST_0002.RVIIDEMO_Scenario.00001: RVIIDEMOCase1.RVIIDEMO_RVII0040_01.00007: RVII0040 assertion" name="RVII0040"/>
  </testsuite>
  <testsuite errors="0" failures="0" name="RVIIDEMO_TEST_0002.RVIIDEMO_Scenario.00001: RVIIDEMOCase1.RVIIDEMO_RVII0040_01.00008: RVII0040 assertion" tests="0">
    <testcase classname="RVIIDEMO_TEST_0002.RVIIDEMO_Scenario.00001: RVIIDEMOCase1.RVIIDEMO_RVII0040_01.00008: RVII0040 assertion" name="RVII0040"/>
  </testsuite>
  <testsuite errors="0" failures="0" name="RVIIDEMO_TEST_0002.RVIIDEMO_Scenario.00001: RVIIDEMOCase1.RVIIDEMO_RVII0040_01.00009: RVII0040 assertion" tests="0">
    <testcase classname="RVIIDEMO_TEST_0002.RVIIDEMO_Scenario.00001: RVIIDEMOCase1.RVIIDEMO_RVII0040_01.00009: RVII0040 assertion" name="RVII0040"/>
  </testsuite>
  <testsuite errors="0" failures="0" name="RVIIDEMO_TEST_0002.RVIIDEMO_Scenario.00001: RVIIDEMOCase1.RVIIDEMO_RVII0040_01.00010: RVII0040 assertion" tests="0">
    <testcase classname="RVIIDEMO_TEST_0002.RVIIDEMO_Scenario.00001: RVIIDEMOCase1.RVIIDEMO_RVII0040_01.00010: RVII0040 assertion" name="RVII0040"/>
  </testsuite>
  <testsuite errors="0" failures="0" name="RVIIDEMO_TEST_0002.RVIIDEMO_Scenario.00001: RVIIDEMOCase1.RVIIDEMO_RVII0040_01.00011: RVII0040 assertion" tests="0">
    <testcase classname="RVIIDEMO_TEST_0002.RVIIDEMO_Scenario.00001: RVIIDEMOCase1.RVIIDEMO_RVII0040_01.00011: RVII0040 assertion" name="RVII0040"/>
  </testsuite>
  <testsuite errors="0" failures="0" name="RVIIDEMO_TEST_0002.RVIIDEMO_Scenario.00001: RVIIDEMOCase1.RVIIDEMO_RVII0040_01.00012: RVII0040 assertion" tests="0">
    <testcase classname="RVIIDEMO_TEST_0002.RVIIDEMO_Scenario.00001: RVIIDEMOCase1.RVIIDEMO_RVII0040_01.00012: RVII0040 assertion" name="RVII0040"/>
  </testsuite>
  <testsuite errors="0" failures="0" name="RVIIDEMO_TEST_0002.RVIIDEMO_Scenario.00001: RVIIDEMOCase1.RVIIDEMO_RVII0040_01.00013: RVII0040 assertion" tests="0">
    <testcase classname="RVIIDEMO_TEST_0002.RVIIDEMO_Scenario.00001: RVIIDEMOCase1.RVIIDEMO_RVII0040_01.00013: RVII0040 assertion" name="RVII0040"/>
  </testsuite>
  <testsuite errors="0" failures="0" name="RVIIDEMO_TEST_0002.RVIIDEMO_Scenario.00001: RVIIDEMOCase1.RVIIDEMO_RVII0040_01.00014: RVII0040 assertion" tests="0">
    <testcase classname="RVIIDEMO_TEST_0002.RVIIDEMO_Scenario.00001: RVIIDEMOCase1.RVIIDEMO_RVII0040_01.00014: RVII0040 assertion" name="RVII0040"/>
  </testsuite>
  <testsuite errors="0" failures="0" name="RVIIDEMO_TEST_0002.RVIIDEMO_Scenario.00001: RVIIDEMOCase1.RVIIDEMO_RVII0040_01.00015: RVII0040 assertion" tests="0">
    <testcase classname="RVIIDEMO_TEST_0002.RVIIDEMO_Scenario.00001: RVIIDEMOCase1.RVIIDEMO_RVII0040_01.00015: RVII0040 assertion" name="RVII0040"/>
  </testsuite>
</testsuites>